2020-03-27 09:28:56.793  INFO 1220 --- [main] com.example.website.WebsiteApplication   : Starting WebsiteApplication on USER-20200110SB with PID 1220 (C:\Code\website\target\classes started by Administrator in C:\Code\website)
2020-03-27 09:28:56.809  INFO 1220 --- [main] com.example.website.WebsiteApplication   : No active profile set, falling back to default profiles: default
2020-03-27 09:29:00.224  INFO 1220 --- [main] o.s.b.w.embedded.tomcat.TomcatWebServer  : Tomcat initialized with port(s): 8080 (http)
2020-03-27 09:29:00.245  INFO 1220 --- [main] o.apache.catalina.core.StandardService   : Starting service [Tomcat]
2020-03-27 09:29:00.248  INFO 1220 --- [main] org.apache.catalina.core.StandardEngine  : Starting Servlet engine: [Apache Tomcat/9.0.31]
2020-03-27 09:29:01.148  INFO 1220 --- [main] org.apache.jasper.servlet.TldScanner     : At least one JAR was scanned for TLDs yet contained no TLDs. Enable debug logging for this logger for a complete list of JARs that were scanned but no TLDs were found in them. Skipping unneeded JARs during scanning can improve startup time and JSP compilation time.
2020-03-27 09:29:01.186  INFO 1220 --- [main] o.a.c.c.C.[Tomcat].[localhost].[/]       : Initializing Spring embedded WebApplicationContext
2020-03-27 09:29:01.187  INFO 1220 --- [main] o.s.web.context.ContextLoader            : Root WebApplicationContext: initialization completed in 4264 ms
2020-03-27 09:29:01.402  INFO 1220 --- [main] c.a.d.s.b.a.DruidDataSourceAutoConfigure : Init DruidDataSource
2020-03-27 09:29:02.086  INFO 1220 --- [main] com.alibaba.druid.pool.DruidDataSource   : {dataSource-1} inited
2020-03-27 09:29:02.815  INFO 1220 --- [main] o.s.s.concurrent.ThreadPoolTaskExecutor  : Initializing ExecutorService 'applicationTaskExecutor'
2020-03-27 09:29:02.904  INFO 1220 --- [main] o.s.b.a.w.s.WelcomePageHandlerMapping    : Adding welcome page: class path resource [static/index.html]
2020-03-27 09:29:03.238  INFO 1220 --- [main] o.s.b.w.embedded.tomcat.TomcatWebServer  : Tomcat started on port(s): 8080 (http) with context path ''
2020-03-27 09:29:03.244  INFO 1220 --- [main] com.example.website.WebsiteApplication   : Started WebsiteApplication in 7.889 seconds (JVM running for 12.041)
2020-03-27 09:29:05.805  INFO 1220 --- [http-nio-8080-exec-1] o.a.c.c.C.[Tomcat].[localhost].[/]       : Initializing Spring DispatcherServlet 'dispatcherServlet'
2020-03-27 09:29:05.806  INFO 1220 --- [http-nio-8080-exec-1] o.s.web.servlet.DispatcherServlet        : Initializing Servlet 'dispatcherServlet'
2020-03-27 09:29:05.823  INFO 1220 --- [http-nio-8080-exec-1] o.s.web.servlet.DispatcherServlet        : Completed initialization in 16 ms
2020-03-27 09:29:06.607  INFO 1220 --- [http-nio-8080-exec-3] o.apache.tomcat.util.http.parser.Cookie  : A cookie header was received [1585272546; Hm_lpvt_c527cc6827eda1d8c54e9018cc6155d9=1585272546] that contained an invalid cookie. That cookie will be ignored.
 Note: further occurrences of this error will be logged at DEBUG level.
2020-03-27 09:29:41.665  WARN 1220 --- [http-nio-8080-exec-8] o.a.c.util.SessionIdGeneratorBase        : Creation of SecureRandom instance for session ID generation using [SHA1PRNG] took [262] milliseconds.
2020-03-27 10:45:27.534  INFO 9632 --- [main] com.example.website.WebsiteApplication   : Starting WebsiteApplication on USER-20200110SB with PID 9632 (C:\Code\website\target\classes started by Administrator in C:\Code\website)
2020-03-27 10:45:27.541  INFO 9632 --- [main] com.example.website.WebsiteApplication   : No active profile set, falling back to default profiles: default
2020-03-27 10:45:30.400  INFO 9632 --- [main] o.s.b.w.embedded.tomcat.TomcatWebServer  : Tomcat initialized with port(s): 8080 (http)
2020-03-27 10:45:30.420  INFO 9632 --- [main] o.apache.catalina.core.StandardService   : Starting service [Tomcat]
2020-03-27 10:45:30.421  INFO 9632 --- [main] org.apache.catalina.core.StandardEngine  : Starting Servlet engine: [Apache Tomcat/9.0.31]
2020-03-27 10:45:31.119  INFO 9632 --- [main] org.apache.jasper.servlet.TldScanner     : At least one JAR was scanned for TLDs yet contained no TLDs. Enable debug logging for this logger for a complete list of JARs that were scanned but no TLDs were found in them. Skipping unneeded JARs during scanning can improve startup time and JSP compilation time.
2020-03-27 10:45:31.142  INFO 9632 --- [main] o.a.c.c.C.[Tomcat].[localhost].[/]       : Initializing Spring embedded WebApplicationContext
2020-03-27 10:45:31.143  INFO 9632 --- [main] o.s.web.context.ContextLoader            : Root WebApplicationContext: initialization completed in 3494 ms
2020-03-27 10:45:31.305  INFO 9632 --- [main] c.a.d.s.b.a.DruidDataSourceAutoConfigure : Init DruidDataSource
2020-03-27 10:45:32.005  INFO 9632 --- [main] com.alibaba.druid.pool.DruidDataSource   : {dataSource-1} inited
2020-03-27 10:45:32.634  INFO 9632 --- [main] o.s.s.concurrent.ThreadPoolTaskExecutor  : Initializing ExecutorService 'applicationTaskExecutor'
2020-03-27 10:45:32.748  INFO 9632 --- [main] o.s.b.a.w.s.WelcomePageHandlerMapping    : Adding welcome page: class path resource [static/index.html]
2020-03-27 10:45:33.048  INFO 9632 --- [main] o.s.b.w.embedded.tomcat.TomcatWebServer  : Tomcat started on port(s): 8080 (http) with context path ''
2020-03-27 10:45:33.056  INFO 9632 --- [main] com.example.website.WebsiteApplication   : Started WebsiteApplication in 6.377 seconds (JVM running for 8.364)
2020-03-27 10:46:54.442  INFO 9632 --- [http-nio-8080-exec-1] o.apache.tomcat.util.http.parser.Cookie  : A cookie header was received [1582188167,1583125517; Hm_lvt_c527cc6827eda1d8c54e9018cc6155d9=1585202902] that contained an invalid cookie. That cookie will be ignored.
 Note: further occurrences of this error will be logged at DEBUG level.
2020-03-27 10:46:54.457  INFO 9632 --- [http-nio-8080-exec-1] o.a.c.c.C.[Tomcat].[localhost].[/]       : Initializing Spring DispatcherServlet 'dispatcherServlet'
2020-03-27 10:46:54.459  INFO 9632 --- [http-nio-8080-exec-1] o.s.web.servlet.DispatcherServlet        : Initializing Servlet 'dispatcherServlet'
2020-03-27 10:46:54.474  INFO 9632 --- [http-nio-8080-exec-1] o.s.web.servlet.DispatcherServlet        : Completed initialization in 15 ms
2020-03-27 10:46:59.143  WARN 9632 --- [http-nio-8080-exec-2] o.a.c.util.SessionIdGeneratorBase        : Creation of SecureRandom instance for session ID generation using [SHA1PRNG] took [267] milliseconds.
2020-03-27 10:48:01.231  INFO 1052 --- [main] com.example.website.WebsiteApplication   : Starting WebsiteApplication on USER-20200110SB with PID 1052 (C:\Code\website\target\classes started by Administrator in C:\Code\website)
2020-03-27 10:48:01.238  INFO 1052 --- [main] com.example.website.WebsiteApplication   : No active profile set, falling back to default profiles: default
2020-03-27 10:48:04.356  INFO 1052 --- [main] o.s.b.w.embedded.tomcat.TomcatWebServer  : Tomcat initialized with port(s): 8080 (http)
2020-03-27 10:48:04.379  INFO 1052 --- [main] o.apache.catalina.core.StandardService   : Starting service [Tomcat]
2020-03-27 10:48:04.381  INFO 1052 --- [main] org.apache.catalina.core.StandardEngine  : Starting Servlet engine: [Apache Tomcat/9.0.31]
2020-03-27 10:48:05.309  INFO 1052 --- [main] org.apache.jasper.servlet.TldScanner     : At least one JAR was scanned for TLDs yet contained no TLDs. Enable debug logging for this logger for a complete list of JARs that were scanned but no TLDs were found in them. Skipping unneeded JARs during scanning can improve startup time and JSP compilation time.
2020-03-27 10:48:05.342  INFO 1052 --- [main] o.a.c.c.C.[Tomcat].[localhost].[/]       : Initializing Spring embedded WebApplicationContext
2020-03-27 10:48:05.343  INFO 1052 --- [main] o.s.web.context.ContextLoader            : Root WebApplicationContext: initialization completed in 3990 ms
2020-03-27 10:48:05.643  INFO 1052 --- [main] c.a.d.s.b.a.DruidDataSourceAutoConfigure : Init DruidDataSource
2020-03-27 10:48:06.527  INFO 1052 --- [main] com.alibaba.druid.pool.DruidDataSource   : {dataSource-1} inited
2020-03-27 10:48:07.127  INFO 1052 --- [main] o.s.s.concurrent.ThreadPoolTaskExecutor  : Initializing ExecutorService 'applicationTaskExecutor'
2020-03-27 10:48:07.223  INFO 1052 --- [main] o.s.b.a.w.s.WelcomePageHandlerMapping    : Adding welcome page: class path resource [static/index.html]
2020-03-27 10:48:07.509  INFO 1052 --- [main] o.s.b.w.embedded.tomcat.TomcatWebServer  : Tomcat started on port(s): 8080 (http) with context path ''
2020-03-27 10:48:07.516  INFO 1052 --- [main] com.example.website.WebsiteApplication   : Started WebsiteApplication in 7.289 seconds (JVM running for 9.451)
2020-03-27 10:48:12.800  INFO 1052 --- [http-nio-8080-exec-1] o.apache.tomcat.util.http.parser.Cookie  : A cookie header was received [1582188167,1583125517; JSESSIONID=D67433E8441F48B995B9DF6E337C2AC4; Hm_lvt_c527cc6827eda1d8c54e9018cc6155d9=1585202902,1585277219; Hm_lpvt_c527cc6827eda1d8c54e9018cc6155d9=1585277220] that contained an invalid cookie. That cookie will be ignored.
 Note: further occurrences of this error will be logged at DEBUG level.
2020-03-27 10:48:12.815  INFO 1052 --- [http-nio-8080-exec-1] o.a.c.c.C.[Tomcat].[localhost].[/]       : Initializing Spring DispatcherServlet 'dispatcherServlet'
2020-03-27 10:48:12.817  INFO 1052 --- [http-nio-8080-exec-1] o.s.web.servlet.DispatcherServlet        : Initializing Servlet 'dispatcherServlet'
2020-03-27 10:48:12.830  INFO 1052 --- [http-nio-8080-exec-1] o.s.web.servlet.DispatcherServlet        : Completed initialization in 11 ms
2020-03-27 10:48:14.592  WARN 1052 --- [http-nio-8080-exec-1] o.a.c.util.SessionIdGeneratorBase        : Creation of SecureRandom instance for session ID generation using [SHA1PRNG] took [291] milliseconds.
2020-03-27 11:36:28.637  INFO 9192 --- [main] com.example.website.WebsiteApplication   : Starting WebsiteApplication on USER-20200110SB with PID 9192 (C:\Code\website\target\classes started by Administrator in C:\Code\website)
2020-03-27 11:36:28.644  INFO 9192 --- [main] com.example.website.WebsiteApplication   : No active profile set, falling back to default profiles: default
2020-03-27 11:36:32.383  INFO 9192 --- [main] o.s.b.w.embedded.tomcat.TomcatWebServer  : Tomcat initialized with port(s): 8080 (http)
2020-03-27 11:36:32.412  INFO 9192 --- [main] o.apache.catalina.core.StandardService   : Starting service [Tomcat]
2020-03-27 11:36:32.414  INFO 9192 --- [main] org.apache.catalina.core.StandardEngine  : Starting Servlet engine: [Apache Tomcat/9.0.31]
2020-03-27 11:36:33.774  INFO 9192 --- [main] org.apache.jasper.servlet.TldScanner     : At least one JAR was scanned for TLDs yet contained no TLDs. Enable debug logging for this logger for a complete list of JARs that were scanned but no TLDs were found in them. Skipping unneeded JARs during scanning can improve startup time and JSP compilation time.
2020-03-27 11:36:33.840  INFO 9192 --- [main] o.a.c.c.C.[Tomcat].[localhost].[/]       : Initializing Spring embedded WebApplicationContext
2020-03-27 11:36:33.841  INFO 9192 --- [main] o.s.web.context.ContextLoader            : Root WebApplicationContext: initialization completed in 5061 ms
2020-03-27 11:36:34.145  INFO 9192 --- [main] c.a.d.s.b.a.DruidDataSourceAutoConfigure : Init DruidDataSource
2020-03-27 11:36:35.150  INFO 9192 --- [main] com.alibaba.druid.pool.DruidDataSource   : {dataSource-1} inited
2020-03-27 11:36:36.016  WARN 9192 --- [main] ConfigServletWebServerApplicationContext : Exception encountered during context initialization - cancelling refresh attempt: org.springframework.beans.factory.UnsatisfiedDependencyException: Error creating bean with name 'researchCenterController': Unsatisfied dependency expressed through field 'researchCenterService'; nested exception is org.springframework.beans.factory.UnsatisfiedDependencyException: Error creating bean with name 'researchCenterServiceImpl': Unsatisfied dependency expressed through field 'itemAccumulationMapper'; nested exception is org.springframework.beans.factory.NoSuchBeanDefinitionException: No qualifying bean of type 'com.example.website.dao.ItemAccumulationMapper' available: expected at least 1 bean which qualifies as autowire candidate. Dependency annotations: {@org.springframework.beans.factory.annotation.Autowired(required=true)}
2020-03-27 11:36:36.028  INFO 9192 --- [main] com.alibaba.druid.pool.DruidDataSource   : {dataSource-1} closed
2020-03-27 11:36:36.037  INFO 9192 --- [main] o.apache.catalina.core.StandardService   : Stopping service [Tomcat]
2020-03-27 11:36:36.091  INFO 9192 --- [main] ConditionEvaluationReportLoggingListener : 

Error starting ApplicationContext. To display the conditions report re-run your application with 'debug' enabled.
2020-03-27 11:36:36.474 ERROR 9192 --- [main] o.s.b.d.LoggingFailureAnalysisReporter   : 

***************************
APPLICATION FAILED TO START
***************************

Description:

Field itemAccumulationMapper in com.example.website.service.front.impl.ResearchCenterServiceImpl required a bean of type 'com.example.website.dao.ItemAccumulationMapper' that could not be found.

The injection point has the following annotations:
	- @org.springframework.beans.factory.annotation.Autowired(required=true)


Action:

Consider defining a bean of type 'com.example.website.dao.ItemAccumulationMapper' in your configuration.

2020-03-27 11:37:48.339  INFO 2420 --- [main] com.example.website.WebsiteApplication   : Starting WebsiteApplication on USER-20200110SB with PID 2420 (C:\Code\website\target\classes started by Administrator in C:\Code\website)
2020-03-27 11:37:48.346  INFO 2420 --- [main] com.example.website.WebsiteApplication   : No active profile set, falling back to default profiles: default
2020-03-27 11:37:52.188  INFO 2420 --- [main] o.s.b.w.embedded.tomcat.TomcatWebServer  : Tomcat initialized with port(s): 8080 (http)
2020-03-27 11:37:52.217  INFO 2420 --- [main] o.apache.catalina.core.StandardService   : Starting service [Tomcat]
2020-03-27 11:37:52.219  INFO 2420 --- [main] org.apache.catalina.core.StandardEngine  : Starting Servlet engine: [Apache Tomcat/9.0.31]
2020-03-27 11:37:53.702  INFO 2420 --- [main] org.apache.jasper.servlet.TldScanner     : At least one JAR was scanned for TLDs yet contained no TLDs. Enable debug logging for this logger for a complete list of JARs that were scanned but no TLDs were found in them. Skipping unneeded JARs during scanning can improve startup time and JSP compilation time.
2020-03-27 11:37:53.773  INFO 2420 --- [main] o.a.c.c.C.[Tomcat].[localhost].[/]       : Initializing Spring embedded WebApplicationContext
2020-03-27 11:37:53.773  INFO 2420 --- [main] o.s.web.context.ContextLoader            : Root WebApplicationContext: initialization completed in 5262 ms
2020-03-27 11:37:54.057  INFO 2420 --- [main] c.a.d.s.b.a.DruidDataSourceAutoConfigure : Init DruidDataSource
2020-03-27 11:37:55.055  INFO 2420 --- [main] com.alibaba.druid.pool.DruidDataSource   : {dataSource-1} inited
2020-03-27 11:37:56.280  INFO 2420 --- [main] o.s.s.concurrent.ThreadPoolTaskExecutor  : Initializing ExecutorService 'applicationTaskExecutor'
2020-03-27 11:37:56.443  INFO 2420 --- [main] o.s.b.a.w.s.WelcomePageHandlerMapping    : Adding welcome page: class path resource [static/index.html]
2020-03-27 11:37:56.908  INFO 2420 --- [main] o.s.b.w.embedded.tomcat.TomcatWebServer  : Tomcat started on port(s): 8080 (http) with context path ''
2020-03-27 11:37:56.918  INFO 2420 --- [main] com.example.website.WebsiteApplication   : Started WebsiteApplication in 10.096 seconds (JVM running for 13.327)
2020-03-27 11:38:06.611  INFO 2420 --- [http-nio-8080-exec-1] o.apache.tomcat.util.http.parser.Cookie  : A cookie header was received [1585272546; Hm_lpvt_c527cc6827eda1d8c54e9018cc6155d9=1585272619; JSESSIONID=BECCB123F193EFD7A2E60D66ACDB7D14] that contained an invalid cookie. That cookie will be ignored.
 Note: further occurrences of this error will be logged at DEBUG level.
2020-03-27 11:38:06.635  INFO 2420 --- [http-nio-8080-exec-1] o.a.c.c.C.[Tomcat].[localhost].[/]       : Initializing Spring DispatcherServlet 'dispatcherServlet'
2020-03-27 11:38:06.637  INFO 2420 --- [http-nio-8080-exec-1] o.s.web.servlet.DispatcherServlet        : Initializing Servlet 'dispatcherServlet'
2020-03-27 11:38:06.656  INFO 2420 --- [http-nio-8080-exec-1] o.s.web.servlet.DispatcherServlet        : Completed initialization in 18 ms
2020-03-27 11:38:09.279  WARN 2420 --- [http-nio-8080-exec-1] o.a.c.util.SessionIdGeneratorBase        : Creation of SecureRandom instance for session ID generation using [SHA1PRNG] took [481] milliseconds.
2020-03-27 11:42:43.271  INFO 10324 --- [main] com.example.website.WebsiteApplication   : Starting WebsiteApplication on USER-20200110SB with PID 10324 (C:\Code\website\target\classes started by Administrator in C:\Code\website)
2020-03-27 11:42:43.283  INFO 10324 --- [main] com.example.website.WebsiteApplication   : No active profile set, falling back to default profiles: default
2020-03-27 11:42:47.115  INFO 10324 --- [main] o.s.b.w.embedded.tomcat.TomcatWebServer  : Tomcat initialized with port(s): 8080 (http)
2020-03-27 11:42:47.143  INFO 10324 --- [main] o.apache.catalina.core.StandardService   : Starting service [Tomcat]
2020-03-27 11:42:47.145  INFO 10324 --- [main] org.apache.catalina.core.StandardEngine  : Starting Servlet engine: [Apache Tomcat/9.0.31]
2020-03-27 11:42:48.489  INFO 10324 --- [main] org.apache.jasper.servlet.TldScanner     : At least one JAR was scanned for TLDs yet contained no TLDs. Enable debug logging for this logger for a complete list of JARs that were scanned but no TLDs were found in them. Skipping unneeded JARs during scanning can improve startup time and JSP compilation time.
2020-03-27 11:42:48.567  INFO 10324 --- [main] o.a.c.c.C.[Tomcat].[localhost].[/]       : Initializing Spring embedded WebApplicationContext
2020-03-27 11:42:48.568  INFO 10324 --- [main] o.s.web.context.ContextLoader            : Root WebApplicationContext: initialization completed in 5138 ms
2020-03-27 11:42:48.820  INFO 10324 --- [main] c.a.d.s.b.a.DruidDataSourceAutoConfigure : Init DruidDataSource
2020-03-27 11:42:49.763  INFO 10324 --- [main] com.alibaba.druid.pool.DruidDataSource   : {dataSource-1} inited
2020-03-27 11:42:50.874  INFO 10324 --- [main] o.s.s.concurrent.ThreadPoolTaskExecutor  : Initializing ExecutorService 'applicationTaskExecutor'
2020-03-27 11:42:51.022  INFO 10324 --- [main] o.s.b.a.w.s.WelcomePageHandlerMapping    : Adding welcome page: class path resource [static/index.html]
2020-03-27 11:42:51.449  INFO 10324 --- [main] o.s.b.w.embedded.tomcat.TomcatWebServer  : Tomcat started on port(s): 8080 (http) with context path ''
2020-03-27 11:42:51.460  INFO 10324 --- [main] com.example.website.WebsiteApplication   : Started WebsiteApplication in 9.667 seconds (JVM running for 12.401)
2020-03-27 11:42:57.687  INFO 10324 --- [http-nio-8080-exec-1] o.apache.tomcat.util.http.parser.Cookie  : A cookie header was received [1585272546; JSESSIONID=FBABD96CA9E3756A16D35872399BA72D; Hm_lpvt_c527cc6827eda1d8c54e9018cc6155d9=1585280290] that contained an invalid cookie. That cookie will be ignored.
 Note: further occurrences of this error will be logged at DEBUG level.
2020-03-27 11:42:57.707  INFO 10324 --- [http-nio-8080-exec-1] o.a.c.c.C.[Tomcat].[localhost].[/]       : Initializing Spring DispatcherServlet 'dispatcherServlet'
2020-03-27 11:42:57.709  INFO 10324 --- [http-nio-8080-exec-1] o.s.web.servlet.DispatcherServlet        : Initializing Servlet 'dispatcherServlet'
2020-03-27 11:42:57.725  INFO 10324 --- [http-nio-8080-exec-1] o.s.web.servlet.DispatcherServlet        : Completed initialization in 15 ms
2020-03-27 11:42:59.692  WARN 10324 --- [http-nio-8080-exec-1] o.a.c.util.SessionIdGeneratorBase        : Creation of SecureRandom instance for session ID generation using [SHA1PRNG] took [328] milliseconds.
2020-03-27 13:31:36.034  INFO 12844 --- [main] com.example.website.WebsiteApplication   : Starting WebsiteApplication on USER-20200110SB with PID 12844 (C:\Code\website\target\classes started by Administrator in C:\Code\website)
2020-03-27 13:31:36.050  INFO 12844 --- [main] com.example.website.WebsiteApplication   : No active profile set, falling back to default profiles: default
2020-03-27 13:31:39.245  INFO 12844 --- [main] o.s.b.w.embedded.tomcat.TomcatWebServer  : Tomcat initialized with port(s): 8080 (http)
2020-03-27 13:31:39.267  INFO 12844 --- [main] o.apache.catalina.core.StandardService   : Starting service [Tomcat]
2020-03-27 13:31:39.269  INFO 12844 --- [main] org.apache.catalina.core.StandardEngine  : Starting Servlet engine: [Apache Tomcat/9.0.31]
2020-03-27 13:31:40.025  INFO 12844 --- [main] org.apache.jasper.servlet.TldScanner     : At least one JAR was scanned for TLDs yet contained no TLDs. Enable debug logging for this logger for a complete list of JARs that were scanned but no TLDs were found in them. Skipping unneeded JARs during scanning can improve startup time and JSP compilation time.
2020-03-27 13:31:40.052  INFO 12844 --- [main] o.a.c.c.C.[Tomcat].[localhost].[/]       : Initializing Spring embedded WebApplicationContext
2020-03-27 13:31:40.053  INFO 12844 --- [main] o.s.web.context.ContextLoader            : Root WebApplicationContext: initialization completed in 3891 ms
2020-03-27 13:31:40.265  INFO 12844 --- [main] c.a.d.s.b.a.DruidDataSourceAutoConfigure : Init DruidDataSource
2020-03-27 13:31:40.948  INFO 12844 --- [main] com.alibaba.druid.pool.DruidDataSource   : {dataSource-1} inited
2020-03-27 13:31:41.800  INFO 12844 --- [main] o.s.s.concurrent.ThreadPoolTaskExecutor  : Initializing ExecutorService 'applicationTaskExecutor'
2020-03-27 13:31:41.933  INFO 12844 --- [main] o.s.b.a.w.s.WelcomePageHandlerMapping    : Adding welcome page: class path resource [static/index.html]
2020-03-27 13:31:42.326  INFO 12844 --- [main] o.s.b.w.embedded.tomcat.TomcatWebServer  : Tomcat started on port(s): 8080 (http) with context path ''
2020-03-27 13:31:42.334  INFO 12844 --- [main] com.example.website.WebsiteApplication   : Started WebsiteApplication in 7.206 seconds (JVM running for 9.394)
2020-03-27 14:00:34.254  INFO 10172 --- [main] com.example.website.WebsiteApplication   : Starting WebsiteApplication on USER-20200110SB with PID 10172 (C:\Code\website\target\classes started by Administrator in C:\Code\website)
2020-03-27 14:00:34.264  INFO 10172 --- [main] com.example.website.WebsiteApplication   : No active profile set, falling back to default profiles: default
2020-03-27 14:00:37.484  INFO 10172 --- [main] o.s.b.w.embedded.tomcat.TomcatWebServer  : Tomcat initialized with port(s): 8080 (http)
2020-03-27 14:00:37.506  INFO 10172 --- [main] o.apache.catalina.core.StandardService   : Starting service [Tomcat]
2020-03-27 14:00:37.508  INFO 10172 --- [main] org.apache.catalina.core.StandardEngine  : Starting Servlet engine: [Apache Tomcat/9.0.31]
2020-03-27 14:00:38.330  INFO 10172 --- [main] org.apache.jasper.servlet.TldScanner     : At least one JAR was scanned for TLDs yet contained no TLDs. Enable debug logging for this logger for a complete list of JARs that were scanned but no TLDs were found in them. Skipping unneeded JARs during scanning can improve startup time and JSP compilation time.
2020-03-27 14:00:38.361  INFO 10172 --- [main] o.a.c.c.C.[Tomcat].[localhost].[/]       : Initializing Spring embedded WebApplicationContext
2020-03-27 14:00:38.362  INFO 10172 --- [main] o.s.web.context.ContextLoader            : Root WebApplicationContext: initialization completed in 3958 ms
2020-03-27 14:00:38.564  INFO 10172 --- [main] c.a.d.s.b.a.DruidDataSourceAutoConfigure : Init DruidDataSource
2020-03-27 14:00:39.313  INFO 10172 --- [main] com.alibaba.druid.pool.DruidDataSource   : {dataSource-1} inited
2020-03-27 14:00:40.195  INFO 10172 --- [main] o.s.s.concurrent.ThreadPoolTaskExecutor  : Initializing ExecutorService 'applicationTaskExecutor'
2020-03-27 14:00:40.318  INFO 10172 --- [main] o.s.b.a.w.s.WelcomePageHandlerMapping    : Adding welcome page: class path resource [static/index.html]
2020-03-27 14:00:40.673  INFO 10172 --- [main] o.s.b.w.embedded.tomcat.TomcatWebServer  : Tomcat started on port(s): 8080 (http) with context path ''
2020-03-27 14:00:40.682  INFO 10172 --- [main] com.example.website.WebsiteApplication   : Started WebsiteApplication in 7.87 seconds (JVM running for 10.565)
2020-03-27 14:00:47.382  INFO 10172 --- [http-nio-8080-exec-1] o.apache.tomcat.util.http.parser.Cookie  : A cookie header was received [1582188167,1583125517; Hm_lvt_c527cc6827eda1d8c54e9018cc6155d9=1585202902,1585277219; JSESSIONID=9D8177A9A2AE940688E37BCF1AD751A3; Hm_lpvt_c527cc6827eda1d8c54e9018cc6155d9=1585277295] that contained an invalid cookie. That cookie will be ignored.
 Note: further occurrences of this error will be logged at DEBUG level.
2020-03-27 14:00:47.398  INFO 10172 --- [http-nio-8080-exec-1] o.a.c.c.C.[Tomcat].[localhost].[/]       : Initializing Spring DispatcherServlet 'dispatcherServlet'
2020-03-27 14:00:47.399  INFO 10172 --- [http-nio-8080-exec-1] o.s.web.servlet.DispatcherServlet        : Initializing Servlet 'dispatcherServlet'
2020-03-27 14:00:47.416  INFO 10172 --- [http-nio-8080-exec-1] o.s.web.servlet.DispatcherServlet        : Completed initialization in 16 ms
2020-03-27 14:00:49.712  WARN 10172 --- [http-nio-8080-exec-1] o.a.c.util.SessionIdGeneratorBase        : Creation of SecureRandom instance for session ID generation using [SHA1PRNG] took [494] milliseconds.
2020-03-27 14:15:58.151  INFO 11096 --- [main] com.example.website.WebsiteApplication   : Starting WebsiteApplication on USER-20200110SB with PID 11096 (C:\Code\website\target\classes started by Administrator in C:\Code\website)
2020-03-27 14:15:58.159  INFO 11096 --- [main] com.example.website.WebsiteApplication   : No active profile set, falling back to default profiles: default
2020-03-27 14:16:01.917  INFO 11096 --- [main] o.s.b.w.embedded.tomcat.TomcatWebServer  : Tomcat initialized with port(s): 8080 (http)
2020-03-27 14:16:01.945  INFO 11096 --- [main] o.apache.catalina.core.StandardService   : Starting service [Tomcat]
2020-03-27 14:16:01.947  INFO 11096 --- [main] org.apache.catalina.core.StandardEngine  : Starting Servlet engine: [Apache Tomcat/9.0.31]
2020-03-27 14:16:03.277  INFO 11096 --- [main] org.apache.jasper.servlet.TldScanner     : At least one JAR was scanned for TLDs yet contained no TLDs. Enable debug logging for this logger for a complete list of JARs that were scanned but no TLDs were found in them. Skipping unneeded JARs during scanning can improve startup time and JSP compilation time.
2020-03-27 14:16:03.349  INFO 11096 --- [main] o.a.c.c.C.[Tomcat].[localhost].[/]       : Initializing Spring embedded WebApplicationContext
2020-03-27 14:16:03.350  INFO 11096 --- [main] o.s.web.context.ContextLoader            : Root WebApplicationContext: initialization completed in 5045 ms
2020-03-27 14:16:03.638  INFO 11096 --- [main] c.a.d.s.b.a.DruidDataSourceAutoConfigure : Init DruidDataSource
2020-03-27 14:16:04.583  INFO 11096 --- [main] com.alibaba.druid.pool.DruidDataSource   : {dataSource-1} inited
2020-03-27 14:16:05.770  INFO 11096 --- [main] o.s.s.concurrent.ThreadPoolTaskExecutor  : Initializing ExecutorService 'applicationTaskExecutor'
2020-03-27 14:16:05.926  INFO 11096 --- [main] o.s.b.a.w.s.WelcomePageHandlerMapping    : Adding welcome page: class path resource [static/index.html]
2020-03-27 14:16:06.351  INFO 11096 --- [main] o.s.b.w.embedded.tomcat.TomcatWebServer  : Tomcat started on port(s): 8080 (http) with context path ''
2020-03-27 14:16:06.360  INFO 11096 --- [main] com.example.website.WebsiteApplication   : Started WebsiteApplication in 9.388 seconds (JVM running for 12.292)
2020-03-27 14:16:28.335  INFO 11096 --- [http-nio-8080-exec-1] o.apache.tomcat.util.http.parser.Cookie  : A cookie header was received [1582188167,1583125517; Hm_lvt_c527cc6827eda1d8c54e9018cc6155d9=1585202902,1585277219; JSESSIONID=956BA3B6798136DF3F2D4E5B68E47FED; Hm_lpvt_c527cc6827eda1d8c54e9018cc6155d9=1585288851] that contained an invalid cookie. That cookie will be ignored.
 Note: further occurrences of this error will be logged at DEBUG level.
2020-03-27 14:16:28.352  INFO 11096 --- [http-nio-8080-exec-1] o.a.c.c.C.[Tomcat].[localhost].[/]       : Initializing Spring DispatcherServlet 'dispatcherServlet'
2020-03-27 14:16:28.354  INFO 11096 --- [http-nio-8080-exec-1] o.s.web.servlet.DispatcherServlet        : Initializing Servlet 'dispatcherServlet'
2020-03-27 14:16:28.369  INFO 11096 --- [http-nio-8080-exec-1] o.s.web.servlet.DispatcherServlet        : Completed initialization in 15 ms
2020-03-27 14:16:30.515  WARN 11096 --- [http-nio-8080-exec-1] o.a.c.util.SessionIdGeneratorBase        : Creation of SecureRandom instance for session ID generation using [SHA1PRNG] took [440] milliseconds.
2020-03-27 14:23:12.069  INFO 9236 --- [main] com.example.website.WebsiteApplication   : Starting WebsiteApplication on USER-20200110SB with PID 9236 (C:\Code\website\target\classes started by Administrator in C:\Code\website)
2020-03-27 14:23:12.078  INFO 9236 --- [main] com.example.website.WebsiteApplication   : No active profile set, falling back to default profiles: default
2020-03-27 14:23:16.738  INFO 9236 --- [main] o.s.b.w.embedded.tomcat.TomcatWebServer  : Tomcat initialized with port(s): 8080 (http)
2020-03-27 14:23:16.766  INFO 9236 --- [main] o.apache.catalina.core.StandardService   : Starting service [Tomcat]
2020-03-27 14:23:16.768  INFO 9236 --- [main] org.apache.catalina.core.StandardEngine  : Starting Servlet engine: [Apache Tomcat/9.0.31]
2020-03-27 14:23:17.814  INFO 9236 --- [main] org.apache.jasper.servlet.TldScanner     : At least one JAR was scanned for TLDs yet contained no TLDs. Enable debug logging for this logger for a complete list of JARs that were scanned but no TLDs were found in them. Skipping unneeded JARs during scanning can improve startup time and JSP compilation time.
2020-03-27 14:23:17.855  INFO 9236 --- [main] o.a.c.c.C.[Tomcat].[localhost].[/]       : Initializing Spring embedded WebApplicationContext
2020-03-27 14:23:17.856  INFO 9236 --- [main] o.s.web.context.ContextLoader            : Root WebApplicationContext: initialization completed in 5411 ms
2020-03-27 14:23:18.123  INFO 9236 --- [main] c.a.d.s.b.a.DruidDataSourceAutoConfigure : Init DruidDataSource
2020-03-27 14:23:19.263  INFO 9236 --- [main] com.alibaba.druid.pool.DruidDataSource   : {dataSource-1} inited
2020-03-27 14:23:20.554  INFO 9236 --- [main] o.s.s.concurrent.ThreadPoolTaskExecutor  : Initializing ExecutorService 'applicationTaskExecutor'
2020-03-27 14:23:20.730  INFO 9236 --- [main] o.s.b.a.w.s.WelcomePageHandlerMapping    : Adding welcome page: class path resource [static/index.html]
2020-03-27 14:23:21.191  INFO 9236 --- [main] o.s.b.w.embedded.tomcat.TomcatWebServer  : Tomcat started on port(s): 8080 (http) with context path ''
2020-03-27 14:23:21.202  INFO 9236 --- [main] com.example.website.WebsiteApplication   : Started WebsiteApplication in 11.092 seconds (JVM running for 13.991)
2020-03-27 14:23:38.035  INFO 9236 --- [http-nio-8080-exec-2] o.apache.tomcat.util.http.parser.Cookie  : A cookie header was received [1582188167,1583125517; Hm_lvt_c527cc6827eda1d8c54e9018cc6155d9=1585202902,1585277219; JSESSIONID=EA4C21BD93CBE37EEBDFAACAA7706542; Hm_lpvt_c527cc6827eda1d8c54e9018cc6155d9=1585290067] that contained an invalid cookie. That cookie will be ignored.
 Note: further occurrences of this error will be logged at DEBUG level.
2020-03-27 14:23:38.058  INFO 9236 --- [http-nio-8080-exec-2] o.a.c.c.C.[Tomcat].[localhost].[/]       : Initializing Spring DispatcherServlet 'dispatcherServlet'
2020-03-27 14:23:38.059  INFO 9236 --- [http-nio-8080-exec-2] o.s.web.servlet.DispatcherServlet        : Initializing Servlet 'dispatcherServlet'
2020-03-27 14:23:38.077  INFO 9236 --- [http-nio-8080-exec-2] o.s.web.servlet.DispatcherServlet        : Completed initialization in 17 ms
2020-03-27 14:23:40.738  WARN 9236 --- [http-nio-8080-exec-2] o.a.c.util.SessionIdGeneratorBase        : Creation of SecureRandom instance for session ID generation using [SHA1PRNG] took [620] milliseconds.
2020-03-27 14:26:52.973  INFO 12548 --- [main] com.example.website.WebsiteApplication   : Starting WebsiteApplication on USER-20200110SB with PID 12548 (C:\Code\website\target\classes started by Administrator in C:\Code\website)
2020-03-27 14:26:52.982  INFO 12548 --- [main] com.example.website.WebsiteApplication   : No active profile set, falling back to default profiles: default
2020-03-27 14:26:56.643  INFO 12548 --- [main] o.s.b.w.embedded.tomcat.TomcatWebServer  : Tomcat initialized with port(s): 8080 (http)
2020-03-27 14:26:56.670  INFO 12548 --- [main] o.apache.catalina.core.StandardService   : Starting service [Tomcat]
2020-03-27 14:26:56.672  INFO 12548 --- [main] org.apache.catalina.core.StandardEngine  : Starting Servlet engine: [Apache Tomcat/9.0.31]
2020-03-27 14:26:57.700  INFO 12548 --- [main] org.apache.jasper.servlet.TldScanner     : At least one JAR was scanned for TLDs yet contained no TLDs. Enable debug logging for this logger for a complete list of JARs that were scanned but no TLDs were found in them. Skipping unneeded JARs during scanning can improve startup time and JSP compilation time.
2020-03-27 14:26:57.737  INFO 12548 --- [main] o.a.c.c.C.[Tomcat].[localhost].[/]       : Initializing Spring embedded WebApplicationContext
2020-03-27 14:26:57.738  INFO 12548 --- [main] o.s.web.context.ContextLoader            : Root WebApplicationContext: initialization completed in 4464 ms
2020-03-27 14:26:57.984  INFO 12548 --- [main] c.a.d.s.b.a.DruidDataSourceAutoConfigure : Init DruidDataSource
2020-03-27 14:26:58.934  INFO 12548 --- [main] com.alibaba.druid.pool.DruidDataSource   : {dataSource-1} inited
2020-03-27 14:27:00.027  INFO 12548 --- [main] o.s.s.concurrent.ThreadPoolTaskExecutor  : Initializing ExecutorService 'applicationTaskExecutor'
2020-03-27 14:27:00.191  INFO 12548 --- [main] o.s.b.a.w.s.WelcomePageHandlerMapping    : Adding welcome page: class path resource [static/index.html]
2020-03-27 14:27:00.622  INFO 12548 --- [main] o.s.b.w.embedded.tomcat.TomcatWebServer  : Tomcat started on port(s): 8080 (http) with context path ''
2020-03-27 14:27:00.632  INFO 12548 --- [main] com.example.website.WebsiteApplication   : Started WebsiteApplication in 8.965 seconds (JVM running for 11.662)
2020-03-27 14:27:08.113  INFO 12548 --- [http-nio-8080-exec-1] o.apache.tomcat.util.http.parser.Cookie  : A cookie header was received [1582188167,1583125517; Hm_lvt_c527cc6827eda1d8c54e9018cc6155d9=1585202902,1585277219; JSESSIONID=2DF5E9642357FABA884D7FCF658694D7; Hm_lpvt_c527cc6827eda1d8c54e9018cc6155d9=1585290222] that contained an invalid cookie. That cookie will be ignored.
 Note: further occurrences of this error will be logged at DEBUG level.
2020-03-27 14:27:08.137  INFO 12548 --- [http-nio-8080-exec-1] o.a.c.c.C.[Tomcat].[localhost].[/]       : Initializing Spring DispatcherServlet 'dispatcherServlet'
2020-03-27 14:27:08.138  INFO 12548 --- [http-nio-8080-exec-1] o.s.web.servlet.DispatcherServlet        : Initializing Servlet 'dispatcherServlet'
2020-03-27 14:27:08.158  INFO 12548 --- [http-nio-8080-exec-1] o.s.web.servlet.DispatcherServlet        : Completed initialization in 19 ms
2020-03-27 14:27:10.731  WARN 12548 --- [http-nio-8080-exec-1] o.a.c.util.SessionIdGeneratorBase        : Creation of SecureRandom instance for session ID generation using [SHA1PRNG] took [568] milliseconds.
2020-03-27 14:28:24.720  INFO 13064 --- [main] com.example.website.WebsiteApplication   : Starting WebsiteApplication on USER-20200110SB with PID 13064 (C:\Code\website\target\classes started by Administrator in C:\Code\website)
2020-03-27 14:28:24.730  INFO 13064 --- [main] com.example.website.WebsiteApplication   : No active profile set, falling back to default profiles: default
2020-03-27 14:28:28.341  INFO 13064 --- [main] o.s.b.w.embedded.tomcat.TomcatWebServer  : Tomcat initialized with port(s): 8080 (http)
2020-03-27 14:28:28.370  INFO 13064 --- [main] o.apache.catalina.core.StandardService   : Starting service [Tomcat]
2020-03-27 14:28:28.372  INFO 13064 --- [main] org.apache.catalina.core.StandardEngine  : Starting Servlet engine: [Apache Tomcat/9.0.31]
2020-03-27 14:28:29.372  INFO 13064 --- [main] org.apache.jasper.servlet.TldScanner     : At least one JAR was scanned for TLDs yet contained no TLDs. Enable debug logging for this logger for a complete list of JARs that were scanned but no TLDs were found in them. Skipping unneeded JARs during scanning can improve startup time and JSP compilation time.
2020-03-27 14:28:29.409  INFO 13064 --- [main] o.a.c.c.C.[Tomcat].[localhost].[/]       : Initializing Spring embedded WebApplicationContext
2020-03-27 14:28:29.410  INFO 13064 --- [main] o.s.web.context.ContextLoader            : Root WebApplicationContext: initialization completed in 4539 ms
2020-03-27 14:28:29.655  INFO 13064 --- [main] c.a.d.s.b.a.DruidDataSourceAutoConfigure : Init DruidDataSource
2020-03-27 14:28:30.610  INFO 13064 --- [main] com.alibaba.druid.pool.DruidDataSource   : {dataSource-1} inited
2020-03-27 14:28:31.682  INFO 13064 --- [main] o.s.s.concurrent.ThreadPoolTaskExecutor  : Initializing ExecutorService 'applicationTaskExecutor'
2020-03-27 14:28:31.845  INFO 13064 --- [main] o.s.b.a.w.s.WelcomePageHandlerMapping    : Adding welcome page: class path resource [static/index.html]
2020-03-27 14:28:32.258  INFO 13064 --- [main] o.s.b.w.embedded.tomcat.TomcatWebServer  : Tomcat started on port(s): 8080 (http) with context path ''
2020-03-27 14:28:32.268  INFO 13064 --- [main] com.example.website.WebsiteApplication   : Started WebsiteApplication in 8.661 seconds (JVM running for 11.279)
2020-03-27 14:28:54.535  INFO 13064 --- [http-nio-8080-exec-1] o.apache.tomcat.util.http.parser.Cookie  : A cookie header was received [1582188167,1583125517; Hm_lvt_c527cc6827eda1d8c54e9018cc6155d9=1585202902,1585277219; JSESSIONID=752AD4761C8F935C28E82534BE98791A; Hm_lpvt_c527cc6827eda1d8c54e9018cc6155d9=1585290432] that contained an invalid cookie. That cookie will be ignored.
 Note: further occurrences of this error will be logged at DEBUG level.
2020-03-27 14:28:54.552  INFO 13064 --- [http-nio-8080-exec-1] o.a.c.c.C.[Tomcat].[localhost].[/]       : Initializing Spring DispatcherServlet 'dispatcherServlet'
2020-03-27 14:28:54.553  INFO 13064 --- [http-nio-8080-exec-1] o.s.web.servlet.DispatcherServlet        : Initializing Servlet 'dispatcherServlet'
2020-03-27 14:28:54.568  INFO 13064 --- [http-nio-8080-exec-1] o.s.web.servlet.DispatcherServlet        : Completed initialization in 15 ms
2020-03-27 14:28:56.619  WARN 13064 --- [http-nio-8080-exec-1] o.a.c.util.SessionIdGeneratorBase        : Creation of SecureRandom instance for session ID generation using [SHA1PRNG] took [504] milliseconds.
2020-03-27 14:29:23.856  INFO 9468 --- [main] com.example.website.WebsiteApplication   : Starting WebsiteApplication on USER-20200110SB with PID 9468 (C:\Code\website\target\classes started by Administrator in C:\Code\website)
2020-03-27 14:29:23.867  INFO 9468 --- [main] com.example.website.WebsiteApplication   : No active profile set, falling back to default profiles: default
2020-03-27 14:29:28.042  INFO 9468 --- [main] o.s.b.w.embedded.tomcat.TomcatWebServer  : Tomcat initialized with port(s): 8080 (http)
2020-03-27 14:29:28.073  INFO 9468 --- [main] o.apache.catalina.core.StandardService   : Starting service [Tomcat]
2020-03-27 14:29:28.075  INFO 9468 --- [main] org.apache.catalina.core.StandardEngine  : Starting Servlet engine: [Apache Tomcat/9.0.31]
2020-03-27 14:29:29.223  INFO 9468 --- [main] org.apache.jasper.servlet.TldScanner     : At least one JAR was scanned for TLDs yet contained no TLDs. Enable debug logging for this logger for a complete list of JARs that were scanned but no TLDs were found in them. Skipping unneeded JARs during scanning can improve startup time and JSP compilation time.
2020-03-27 14:29:29.289  INFO 9468 --- [main] o.a.c.c.C.[Tomcat].[localhost].[/]       : Initializing Spring embedded WebApplicationContext
2020-03-27 14:29:29.290  INFO 9468 --- [main] o.s.web.context.ContextLoader            : Root WebApplicationContext: initialization completed in 5246 ms
2020-03-27 14:29:29.588  INFO 9468 --- [main] c.a.d.s.b.a.DruidDataSourceAutoConfigure : Init DruidDataSource
2020-03-27 14:29:30.615  INFO 9468 --- [main] com.alibaba.druid.pool.DruidDataSource   : {dataSource-1} inited
2020-03-27 14:29:31.965  INFO 9468 --- [main] o.s.s.concurrent.ThreadPoolTaskExecutor  : Initializing ExecutorService 'applicationTaskExecutor'
2020-03-27 14:29:32.209  INFO 9468 --- [main] o.s.b.a.w.s.WelcomePageHandlerMapping    : Adding welcome page: class path resource [static/index.html]
2020-03-27 14:29:32.862  INFO 9468 --- [main] o.s.b.w.embedded.tomcat.TomcatWebServer  : Tomcat started on port(s): 8080 (http) with context path ''
2020-03-27 14:29:32.873  INFO 9468 --- [main] com.example.website.WebsiteApplication   : Started WebsiteApplication in 10.693 seconds (JVM running for 16.049)
2020-03-27 14:29:33.111  INFO 9468 --- [http-nio-8080-exec-1] o.apache.tomcat.util.http.parser.Cookie  : A cookie header was received [1582188167,1583125517; Hm_lvt_c527cc6827eda1d8c54e9018cc6155d9=1585202902,1585277219; JSESSIONID=1718D5E6C919B1305E62A7A753AA7EEB; Hm_lpvt_c527cc6827eda1d8c54e9018cc6155d9=1585290537] that contained an invalid cookie. That cookie will be ignored.
 Note: further occurrences of this error will be logged at DEBUG level.
2020-03-27 14:29:33.134  INFO 9468 --- [http-nio-8080-exec-1] o.a.c.c.C.[Tomcat].[localhost].[/]       : Initializing Spring DispatcherServlet 'dispatcherServlet'
2020-03-27 14:29:33.136  INFO 9468 --- [http-nio-8080-exec-1] o.s.web.servlet.DispatcherServlet        : Initializing Servlet 'dispatcherServlet'
2020-03-27 14:29:33.156  INFO 9468 --- [http-nio-8080-exec-1] o.s.web.servlet.DispatcherServlet        : Completed initialization in 18 ms
2020-03-27 14:29:36.120  WARN 9468 --- [http-nio-8080-exec-1] o.a.c.util.SessionIdGeneratorBase        : Creation of SecureRandom instance for session ID generation using [SHA1PRNG] took [680] milliseconds.
2020-03-27 14:30:13.327  INFO 9468 --- [SpringContextShutdownHook] o.s.s.concurrent.ThreadPoolTaskExecutor  : Shutting down ExecutorService 'applicationTaskExecutor'
2020-03-27 14:30:13.356  INFO 9468 --- [SpringContextShutdownHook] com.alibaba.druid.pool.DruidDataSource   : {dataSource-1} closed
2020-03-27 14:30:28.804  INFO 10808 --- [main] com.example.website.WebsiteApplication   : Starting WebsiteApplication on USER-20200110SB with PID 10808 (C:\Code\website\target\classes started by Administrator in C:\Code\website)
2020-03-27 14:30:28.813  INFO 10808 --- [main] com.example.website.WebsiteApplication   : No active profile set, falling back to default profiles: default
2020-03-27 14:30:33.548  INFO 10808 --- [main] o.s.b.w.embedded.tomcat.TomcatWebServer  : Tomcat initialized with port(s): 8080 (http)
2020-03-27 14:30:33.580  INFO 10808 --- [main] o.apache.catalina.core.StandardService   : Starting service [Tomcat]
2020-03-27 14:30:33.582  INFO 10808 --- [main] org.apache.catalina.core.StandardEngine  : Starting Servlet engine: [Apache Tomcat/9.0.31]
2020-03-27 14:30:34.743  INFO 10808 --- [main] org.apache.jasper.servlet.TldScanner     : At least one JAR was scanned for TLDs yet contained no TLDs. Enable debug logging for this logger for a complete list of JARs that were scanned but no TLDs were found in them. Skipping unneeded JARs during scanning can improve startup time and JSP compilation time.
2020-03-27 14:30:34.785  INFO 10808 --- [main] o.a.c.c.C.[Tomcat].[localhost].[/]       : Initializing Spring embedded WebApplicationContext
2020-03-27 14:30:34.786  INFO 10808 --- [main] o.s.web.context.ContextLoader            : Root WebApplicationContext: initialization completed in 5642 ms
2020-03-27 14:30:35.067  INFO 10808 --- [main] c.a.d.s.b.a.DruidDataSourceAutoConfigure : Init DruidDataSource
2020-03-27 14:30:36.106  INFO 10808 --- [main] com.alibaba.druid.pool.DruidDataSource   : {dataSource-1} inited
2020-03-27 14:30:37.415  INFO 10808 --- [main] o.s.s.concurrent.ThreadPoolTaskExecutor  : Initializing ExecutorService 'applicationTaskExecutor'
2020-03-27 14:30:37.602  INFO 10808 --- [main] o.s.b.a.w.s.WelcomePageHandlerMapping    : Adding welcome page: class path resource [static/index.html]
2020-03-27 14:30:38.184  INFO 10808 --- [main] o.s.b.w.embedded.tomcat.TomcatWebServer  : Tomcat started on port(s): 8080 (http) with context path ''
2020-03-27 14:30:38.194  INFO 10808 --- [main] com.example.website.WebsiteApplication   : Started WebsiteApplication in 11.661 seconds (JVM running for 16.154)
2020-03-27 14:30:41.183  INFO 10808 --- [http-nio-8080-exec-1] o.apache.tomcat.util.http.parser.Cookie  : A cookie header was received [1582188167,1583125517; Hm_lvt_c527cc6827eda1d8c54e9018cc6155d9=1585202902,1585277219; JSESSIONID=AD098D3618A8E026583E9083D0EC2C03; Hm_lpvt_c527cc6827eda1d8c54e9018cc6155d9=1585290577] that contained an invalid cookie. That cookie will be ignored.
 Note: further occurrences of this error will be logged at DEBUG level.
2020-03-27 14:30:41.207  INFO 10808 --- [http-nio-8080-exec-1] o.a.c.c.C.[Tomcat].[localhost].[/]       : Initializing Spring DispatcherServlet 'dispatcherServlet'
2020-03-27 14:30:41.208  INFO 10808 --- [http-nio-8080-exec-1] o.s.web.servlet.DispatcherServlet        : Initializing Servlet 'dispatcherServlet'
2020-03-27 14:30:41.228  INFO 10808 --- [http-nio-8080-exec-1] o.s.web.servlet.DispatcherServlet        : Completed initialization in 19 ms
2020-03-27 14:30:44.267  WARN 10808 --- [http-nio-8080-exec-1] o.a.c.util.SessionIdGeneratorBase        : Creation of SecureRandom instance for session ID generation using [SHA1PRNG] took [597] milliseconds.
2020-03-27 14:31:04.174  INFO 10808 --- [SpringContextShutdownHook] o.s.s.concurrent.ThreadPoolTaskExecutor  : Shutting down ExecutorService 'applicationTaskExecutor'
2020-03-27 14:31:04.190  INFO 10808 --- [SpringContextShutdownHook] com.alibaba.druid.pool.DruidDataSource   : {dataSource-1} closed
2020-03-27 14:31:18.107  INFO 4452 --- [main] com.example.website.WebsiteApplication   : Starting WebsiteApplication on USER-20200110SB with PID 4452 (C:\Code\website\target\classes started by Administrator in C:\Code\website)
2020-03-27 14:31:18.114  INFO 4452 --- [main] com.example.website.WebsiteApplication   : No active profile set, falling back to default profiles: default
2020-03-27 14:31:21.688  INFO 4452 --- [main] o.s.b.w.embedded.tomcat.TomcatWebServer  : Tomcat initialized with port(s): 8080 (http)
2020-03-27 14:31:21.718  INFO 4452 --- [main] o.apache.catalina.core.StandardService   : Starting service [Tomcat]
2020-03-27 14:31:21.720  INFO 4452 --- [main] org.apache.catalina.core.StandardEngine  : Starting Servlet engine: [Apache Tomcat/9.0.31]
2020-03-27 14:31:22.771  INFO 4452 --- [main] org.apache.jasper.servlet.TldScanner     : At least one JAR was scanned for TLDs yet contained no TLDs. Enable debug logging for this logger for a complete list of JARs that were scanned but no TLDs were found in them. Skipping unneeded JARs during scanning can improve startup time and JSP compilation time.
2020-03-27 14:31:22.811  INFO 4452 --- [main] o.a.c.c.C.[Tomcat].[localhost].[/]       : Initializing Spring embedded WebApplicationContext
2020-03-27 14:31:22.811  INFO 4452 --- [main] o.s.web.context.ContextLoader            : Root WebApplicationContext: initialization completed in 4505 ms
2020-03-27 14:31:23.101  INFO 4452 --- [main] c.a.d.s.b.a.DruidDataSourceAutoConfigure : Init DruidDataSource
2020-03-27 14:31:24.062  INFO 4452 --- [main] com.alibaba.druid.pool.DruidDataSource   : {dataSource-1} inited
2020-03-27 14:31:25.169  INFO 4452 --- [main] o.s.s.concurrent.ThreadPoolTaskExecutor  : Initializing ExecutorService 'applicationTaskExecutor'
2020-03-27 14:31:25.324  INFO 4452 --- [main] o.s.b.a.w.s.WelcomePageHandlerMapping    : Adding welcome page: class path resource [static/index.html]
2020-03-27 14:31:25.755  INFO 4452 --- [main] o.s.b.w.embedded.tomcat.TomcatWebServer  : Tomcat started on port(s): 8080 (http) with context path ''
2020-03-27 14:31:25.763  INFO 4452 --- [main] com.example.website.WebsiteApplication   : Started WebsiteApplication in 8.731 seconds (JVM running for 11.375)
2020-03-27 14:31:40.540  INFO 4452 --- [http-nio-8080-exec-1] o.apache.tomcat.util.http.parser.Cookie  : A cookie header was received [1582188167,1583125517; Hm_lvt_c527cc6827eda1d8c54e9018cc6155d9=1585202902,1585277219; JSESSIONID=92D58A819D43D4050172A540CB4C18BA; Hm_lpvt_c527cc6827eda1d8c54e9018cc6155d9=1585290645] that contained an invalid cookie. That cookie will be ignored.
 Note: further occurrences of this error will be logged at DEBUG level.
2020-03-27 14:31:40.564  INFO 4452 --- [http-nio-8080-exec-1] o.a.c.c.C.[Tomcat].[localhost].[/]       : Initializing Spring DispatcherServlet 'dispatcherServlet'
2020-03-27 14:31:40.565  INFO 4452 --- [http-nio-8080-exec-1] o.s.web.servlet.DispatcherServlet        : Initializing Servlet 'dispatcherServlet'
2020-03-27 14:31:40.579  INFO 4452 --- [http-nio-8080-exec-1] o.s.web.servlet.DispatcherServlet        : Completed initialization in 13 ms
2020-03-27 14:31:42.324  WARN 4452 --- [http-nio-8080-exec-1] o.a.c.util.SessionIdGeneratorBase        : Creation of SecureRandom instance for session ID generation using [SHA1PRNG] took [337] milliseconds.
2020-03-27 14:38:34.215  INFO 4576 --- [main] com.example.website.WebsiteApplication   : Starting WebsiteApplication on USER-20200110SB with PID 4576 (C:\Code\website\target\classes started by Administrator in C:\Code\website)
2020-03-27 14:38:34.223  INFO 4576 --- [main] com.example.website.WebsiteApplication   : No active profile set, falling back to default profiles: default
2020-03-27 14:38:37.841  INFO 4576 --- [main] o.s.b.w.embedded.tomcat.TomcatWebServer  : Tomcat initialized with port(s): 8080 (http)
2020-03-27 14:38:37.868  INFO 4576 --- [main] o.apache.catalina.core.StandardService   : Starting service [Tomcat]
2020-03-27 14:38:37.871  INFO 4576 --- [main] org.apache.catalina.core.StandardEngine  : Starting Servlet engine: [Apache Tomcat/9.0.31]
2020-03-27 14:38:38.895  INFO 4576 --- [main] org.apache.jasper.servlet.TldScanner     : At least one JAR was scanned for TLDs yet contained no TLDs. Enable debug logging for this logger for a complete list of JARs that were scanned but no TLDs were found in them. Skipping unneeded JARs during scanning can improve startup time and JSP compilation time.
2020-03-27 14:38:38.932  INFO 4576 --- [main] o.a.c.c.C.[Tomcat].[localhost].[/]       : Initializing Spring embedded WebApplicationContext
2020-03-27 14:38:38.933  INFO 4576 --- [main] o.s.web.context.ContextLoader            : Root WebApplicationContext: initialization completed in 4594 ms
2020-03-27 14:38:39.211  INFO 4576 --- [main] c.a.d.s.b.a.DruidDataSourceAutoConfigure : Init DruidDataSource
2020-03-27 14:38:40.155  INFO 4576 --- [main] com.alibaba.druid.pool.DruidDataSource   : {dataSource-1} inited
2020-03-27 14:38:41.240  INFO 4576 --- [main] o.s.s.concurrent.ThreadPoolTaskExecutor  : Initializing ExecutorService 'applicationTaskExecutor'
2020-03-27 14:38:41.391  INFO 4576 --- [main] o.s.b.a.w.s.WelcomePageHandlerMapping    : Adding welcome page: class path resource [static/index.html]
2020-03-27 14:38:41.819  INFO 4576 --- [main] o.s.b.w.embedded.tomcat.TomcatWebServer  : Tomcat started on port(s): 8080 (http) with context path ''
2020-03-27 14:38:41.828  INFO 4576 --- [main] com.example.website.WebsiteApplication   : Started WebsiteApplication in 8.754 seconds (JVM running for 11.399)
2020-03-27 14:38:52.113  INFO 4576 --- [http-nio-8080-exec-1] o.apache.tomcat.util.http.parser.Cookie  : A cookie header was received [1582188167,1583125517; Hm_lvt_c527cc6827eda1d8c54e9018cc6155d9=1585202902,1585277219; JSESSIONID=3FFC5D807BA8B2B494491BAC1E87EE5E; Hm_lpvt_c527cc6827eda1d8c54e9018cc6155d9=1585290943] that contained an invalid cookie. That cookie will be ignored.
 Note: further occurrences of this error will be logged at DEBUG level.
2020-03-27 14:38:52.130  INFO 4576 --- [http-nio-8080-exec-1] o.a.c.c.C.[Tomcat].[localhost].[/]       : Initializing Spring DispatcherServlet 'dispatcherServlet'
2020-03-27 14:38:52.131  INFO 4576 --- [http-nio-8080-exec-1] o.s.web.servlet.DispatcherServlet        : Initializing Servlet 'dispatcherServlet'
2020-03-27 14:38:52.146  INFO 4576 --- [http-nio-8080-exec-1] o.s.web.servlet.DispatcherServlet        : Completed initialization in 14 ms
2020-03-27 14:38:54.012  WARN 4576 --- [http-nio-8080-exec-1] o.a.c.util.SessionIdGeneratorBase        : Creation of SecureRandom instance for session ID generation using [SHA1PRNG] took [364] milliseconds.
2020-03-27 14:55:23.226  INFO 12928 --- [main] com.example.website.WebsiteApplication   : Starting WebsiteApplication on USER-20200110SB with PID 12928 (C:\Code\website\target\classes started by Administrator in C:\Code\website)
2020-03-27 14:55:23.235  INFO 12928 --- [main] com.example.website.WebsiteApplication   : No active profile set, falling back to default profiles: default
2020-03-27 14:55:26.849  INFO 12928 --- [main] o.s.b.w.embedded.tomcat.TomcatWebServer  : Tomcat initialized with port(s): 8080 (http)
2020-03-27 14:55:26.876  INFO 12928 --- [main] o.apache.catalina.core.StandardService   : Starting service [Tomcat]
2020-03-27 14:55:26.880  INFO 12928 --- [main] org.apache.catalina.core.StandardEngine  : Starting Servlet engine: [Apache Tomcat/9.0.31]
2020-03-27 14:55:27.902  INFO 12928 --- [main] org.apache.jasper.servlet.TldScanner     : At least one JAR was scanned for TLDs yet contained no TLDs. Enable debug logging for this logger for a complete list of JARs that were scanned but no TLDs were found in them. Skipping unneeded JARs during scanning can improve startup time and JSP compilation time.
2020-03-27 14:55:27.941  INFO 12928 --- [main] o.a.c.c.C.[Tomcat].[localhost].[/]       : Initializing Spring embedded WebApplicationContext
2020-03-27 14:55:27.941  INFO 12928 --- [main] o.s.web.context.ContextLoader            : Root WebApplicationContext: initialization completed in 4582 ms
2020-03-27 14:55:28.223  INFO 12928 --- [main] c.a.d.s.b.a.DruidDataSourceAutoConfigure : Init DruidDataSource
2020-03-27 14:55:29.162  INFO 12928 --- [main] com.alibaba.druid.pool.DruidDataSource   : {dataSource-1} inited
2020-03-27 14:55:30.283  INFO 12928 --- [main] o.s.s.concurrent.ThreadPoolTaskExecutor  : Initializing ExecutorService 'applicationTaskExecutor'
2020-03-27 14:55:30.446  INFO 12928 --- [main] o.s.b.a.w.s.WelcomePageHandlerMapping    : Adding welcome page: class path resource [static/index.html]
2020-03-27 14:55:30.897  INFO 12928 --- [main] o.s.b.w.embedded.tomcat.TomcatWebServer  : Tomcat started on port(s): 8080 (http) with context path ''
2020-03-27 14:55:30.907  INFO 12928 --- [main] com.example.website.WebsiteApplication   : Started WebsiteApplication in 8.945 seconds (JVM running for 11.963)
2020-03-27 14:55:53.659  INFO 12928 --- [http-nio-8080-exec-1] o.apache.tomcat.util.http.parser.Cookie  : A cookie header was received [1582188167,1583125517; Hm_lvt_c527cc6827eda1d8c54e9018cc6155d9=1585202902,1585277219; JSESSIONID=0321BE9D384C14CD40D4F0803CA441D9; Hm_lpvt_c527cc6827eda1d8c54e9018cc6155d9=1585291135] that contained an invalid cookie. That cookie will be ignored.
 Note: further occurrences of this error will be logged at DEBUG level.
2020-03-27 14:55:53.675  INFO 12928 --- [http-nio-8080-exec-1] o.a.c.c.C.[Tomcat].[localhost].[/]       : Initializing Spring DispatcherServlet 'dispatcherServlet'
2020-03-27 14:55:53.677  INFO 12928 --- [http-nio-8080-exec-1] o.s.web.servlet.DispatcherServlet        : Initializing Servlet 'dispatcherServlet'
2020-03-27 14:55:53.692  INFO 12928 --- [http-nio-8080-exec-1] o.s.web.servlet.DispatcherServlet        : Completed initialization in 15 ms
2020-03-27 14:55:55.620  WARN 12928 --- [http-nio-8080-exec-1] o.a.c.util.SessionIdGeneratorBase        : Creation of SecureRandom instance for session ID generation using [SHA1PRNG] took [392] milliseconds.
2020-03-27 15:05:08.075  INFO 13712 --- [main] com.example.website.WebsiteApplication   : Starting WebsiteApplication on USER-20200110SB with PID 13712 (C:\Code\website\target\classes started by Administrator in C:\Code\website)
2020-03-27 15:05:08.083  INFO 13712 --- [main] com.example.website.WebsiteApplication   : No active profile set, falling back to default profiles: default
2020-03-27 15:05:11.599  INFO 13712 --- [main] o.s.b.w.embedded.tomcat.TomcatWebServer  : Tomcat initialized with port(s): 8080 (http)
2020-03-27 15:05:11.625  INFO 13712 --- [main] o.apache.catalina.core.StandardService   : Starting service [Tomcat]
2020-03-27 15:05:11.627  INFO 13712 --- [main] org.apache.catalina.core.StandardEngine  : Starting Servlet engine: [Apache Tomcat/9.0.31]
2020-03-27 15:05:12.643  INFO 13712 --- [main] org.apache.jasper.servlet.TldScanner     : At least one JAR was scanned for TLDs yet contained no TLDs. Enable debug logging for this logger for a complete list of JARs that were scanned but no TLDs were found in them. Skipping unneeded JARs during scanning can improve startup time and JSP compilation time.
2020-03-27 15:05:12.684  INFO 13712 --- [main] o.a.c.c.C.[Tomcat].[localhost].[/]       : Initializing Spring embedded WebApplicationContext
2020-03-27 15:05:12.685  INFO 13712 --- [main] o.s.web.context.ContextLoader            : Root WebApplicationContext: initialization completed in 4492 ms
2020-03-27 15:05:12.943  INFO 13712 --- [main] c.a.d.s.b.a.DruidDataSourceAutoConfigure : Init DruidDataSource
2020-03-27 15:05:13.886  INFO 13712 --- [main] com.alibaba.druid.pool.DruidDataSource   : {dataSource-1} inited
2020-03-27 15:05:15.009  INFO 13712 --- [main] o.s.s.concurrent.ThreadPoolTaskExecutor  : Initializing ExecutorService 'applicationTaskExecutor'
2020-03-27 15:05:15.166  INFO 13712 --- [main] o.s.b.a.w.s.WelcomePageHandlerMapping    : Adding welcome page: class path resource [static/index.html]
2020-03-27 15:05:15.618  INFO 13712 --- [main] o.s.b.w.embedded.tomcat.TomcatWebServer  : Tomcat started on port(s): 8080 (http) with context path ''
2020-03-27 15:05:15.626  INFO 13712 --- [main] com.example.website.WebsiteApplication   : Started WebsiteApplication in 8.881 seconds (JVM running for 12.479)
2020-03-27 15:05:21.491  INFO 13712 --- [http-nio-8080-exec-1] o.apache.tomcat.util.http.parser.Cookie  : A cookie header was received [1582188167,1583125517; Hm_lvt_c527cc6827eda1d8c54e9018cc6155d9=1585202902,1585277219; JSESSIONID=B14CBD648A3E2423E9C65988A19F075B; Hm_lpvt_c527cc6827eda1d8c54e9018cc6155d9=1585292156] that contained an invalid cookie. That cookie will be ignored.
 Note: further occurrences of this error will be logged at DEBUG level.
2020-03-27 15:05:21.514  INFO 13712 --- [http-nio-8080-exec-1] o.a.c.c.C.[Tomcat].[localhost].[/]       : Initializing Spring DispatcherServlet 'dispatcherServlet'
2020-03-27 15:05:21.517  INFO 13712 --- [http-nio-8080-exec-1] o.s.web.servlet.DispatcherServlet        : Initializing Servlet 'dispatcherServlet'
2020-03-27 15:05:21.533  INFO 13712 --- [http-nio-8080-exec-1] o.s.web.servlet.DispatcherServlet        : Completed initialization in 15 ms
2020-03-27 15:05:24.118  WARN 13712 --- [http-nio-8080-exec-1] o.a.c.util.SessionIdGeneratorBase        : Creation of SecureRandom instance for session ID generation using [SHA1PRNG] took [584] milliseconds.
2020-03-27 15:06:13.667  INFO 13012 --- [main] com.example.website.WebsiteApplication   : Starting WebsiteApplication on USER-20200110SB with PID 13012 (C:\Code\website\target\classes started by Administrator in C:\Code\website)
2020-03-27 15:06:13.675  INFO 13012 --- [main] com.example.website.WebsiteApplication   : No active profile set, falling back to default profiles: default
2020-03-27 15:06:17.803  INFO 13012 --- [main] o.s.b.w.embedded.tomcat.TomcatWebServer  : Tomcat initialized with port(s): 8080 (http)
2020-03-27 15:06:17.834  INFO 13012 --- [main] o.apache.catalina.core.StandardService   : Starting service [Tomcat]
2020-03-27 15:06:17.837  INFO 13012 --- [main] org.apache.catalina.core.StandardEngine  : Starting Servlet engine: [Apache Tomcat/9.0.31]
2020-03-27 15:06:18.955  INFO 13012 --- [main] org.apache.jasper.servlet.TldScanner     : At least one JAR was scanned for TLDs yet contained no TLDs. Enable debug logging for this logger for a complete list of JARs that were scanned but no TLDs were found in them. Skipping unneeded JARs during scanning can improve startup time and JSP compilation time.
2020-03-27 15:06:18.994  INFO 13012 --- [main] o.a.c.c.C.[Tomcat].[localhost].[/]       : Initializing Spring embedded WebApplicationContext
2020-03-27 15:06:18.995  INFO 13012 --- [main] o.s.web.context.ContextLoader            : Root WebApplicationContext: initialization completed in 5190 ms
2020-03-27 15:06:19.274  INFO 13012 --- [main] c.a.d.s.b.a.DruidDataSourceAutoConfigure : Init DruidDataSource
2020-03-27 15:06:20.299  INFO 13012 --- [main] com.alibaba.druid.pool.DruidDataSource   : {dataSource-1} inited
2020-03-27 15:06:21.561  INFO 13012 --- [main] o.s.s.concurrent.ThreadPoolTaskExecutor  : Initializing ExecutorService 'applicationTaskExecutor'
2020-03-27 15:06:21.733  INFO 13012 --- [main] o.s.b.a.w.s.WelcomePageHandlerMapping    : Adding welcome page: class path resource [static/index.html]
2020-03-27 15:06:22.317  INFO 13012 --- [main] o.s.b.w.embedded.tomcat.TomcatWebServer  : Tomcat started on port(s): 8080 (http) with context path ''
2020-03-27 15:06:22.326  INFO 13012 --- [main] com.example.website.WebsiteApplication   : Started WebsiteApplication in 9.992 seconds (JVM running for 12.654)
2020-03-27 15:13:19.508  INFO 13012 --- [SpringContextShutdownHook] o.s.s.concurrent.ThreadPoolTaskExecutor  : Shutting down ExecutorService 'applicationTaskExecutor'
2020-03-27 15:13:19.525  INFO 13012 --- [SpringContextShutdownHook] com.alibaba.druid.pool.DruidDataSource   : {dataSource-1} closed
2020-03-27 15:13:34.353  INFO 13572 --- [main] com.example.website.WebsiteApplication   : Starting WebsiteApplication on USER-20200110SB with PID 13572 (C:\Code\website\target\classes started by Administrator in C:\Code\website)
2020-03-27 15:13:34.361  INFO 13572 --- [main] com.example.website.WebsiteApplication   : No active profile set, falling back to default profiles: default
2020-03-27 15:13:38.124  INFO 13572 --- [main] o.s.b.w.embedded.tomcat.TomcatWebServer  : Tomcat initialized with port(s): 8080 (http)
2020-03-27 15:13:38.153  INFO 13572 --- [main] o.apache.catalina.core.StandardService   : Starting service [Tomcat]
2020-03-27 15:13:38.155  INFO 13572 --- [main] org.apache.catalina.core.StandardEngine  : Starting Servlet engine: [Apache Tomcat/9.0.31]
2020-03-27 15:13:39.195  INFO 13572 --- [main] org.apache.jasper.servlet.TldScanner     : At least one JAR was scanned for TLDs yet contained no TLDs. Enable debug logging for this logger for a complete list of JARs that were scanned but no TLDs were found in them. Skipping unneeded JARs during scanning can improve startup time and JSP compilation time.
2020-03-27 15:13:39.233  INFO 13572 --- [main] o.a.c.c.C.[Tomcat].[localhost].[/]       : Initializing Spring embedded WebApplicationContext
2020-03-27 15:13:39.234  INFO 13572 --- [main] o.s.web.context.ContextLoader            : Root WebApplicationContext: initialization completed in 4734 ms
2020-03-27 15:13:39.521  INFO 13572 --- [main] c.a.d.s.b.a.DruidDataSourceAutoConfigure : Init DruidDataSource
2020-03-27 15:13:40.467  INFO 13572 --- [main] com.alibaba.druid.pool.DruidDataSource   : {dataSource-1} inited
2020-03-27 15:13:41.569  INFO 13572 --- [main] o.s.s.concurrent.ThreadPoolTaskExecutor  : Initializing ExecutorService 'applicationTaskExecutor'
2020-03-27 15:13:41.721  INFO 13572 --- [main] o.s.b.a.w.s.WelcomePageHandlerMapping    : Adding welcome page: class path resource [static/index.html]
2020-03-27 15:13:42.149  INFO 13572 --- [main] o.s.b.w.embedded.tomcat.TomcatWebServer  : Tomcat started on port(s): 8080 (http) with context path ''
2020-03-27 15:13:42.160  INFO 13572 --- [main] com.example.website.WebsiteApplication   : Started WebsiteApplication in 8.963 seconds (JVM running for 11.71)
2020-03-27 15:16:19.495  INFO 13572 --- [http-nio-8080-exec-1] o.apache.tomcat.util.http.parser.Cookie  : A cookie header was received [1582188167,1583125517; Hm_lvt_c527cc6827eda1d8c54e9018cc6155d9=1585202902,1585277219; JSESSIONID=9E9EE3A42FC72B92FB30AE3E001E4A5D; Hm_lpvt_c527cc6827eda1d8c54e9018cc6155d9=1585292725] that contained an invalid cookie. That cookie will be ignored.
 Note: further occurrences of this error will be logged at DEBUG level.
2020-03-27 15:16:19.511  INFO 13572 --- [http-nio-8080-exec-1] o.a.c.c.C.[Tomcat].[localhost].[/]       : Initializing Spring DispatcherServlet 'dispatcherServlet'
2020-03-27 15:16:19.513  INFO 13572 --- [http-nio-8080-exec-1] o.s.web.servlet.DispatcherServlet        : Initializing Servlet 'dispatcherServlet'
2020-03-27 15:16:19.526  INFO 13572 --- [http-nio-8080-exec-1] o.s.web.servlet.DispatcherServlet        : Completed initialization in 13 ms
2020-03-27 15:16:21.415  WARN 13572 --- [http-nio-8080-exec-1] o.a.c.util.SessionIdGeneratorBase        : Creation of SecureRandom instance for session ID generation using [SHA1PRNG] took [368] milliseconds.
